<?xml version="1.0" encoding="UTF-8"?>
<Site BuildName="(empty)"
	BuildStamp="20240409-1838-Experimental"
	Name="(empty)"
	Generator="ctest-3.29.0"
	CompilerName=""
	CompilerVersion=""
	OSName="Linux"
	Hostname="red-20lh0011us"
	OSRelease="6.8.2-arch2-1"
	OSVersion="#1 SMP PREEMPT_DYNAMIC Thu, 28 Mar 2024 17:06:35 +0000"
	OSPlatform="x86_64"
	Is64Bits="1"
	VendorString="GenuineIntel"
	VendorID="Intel Corporation"
	FamilyID="6"
	ModelID="142"
	ProcessorCacheSize="8192"
	NumberOfLogicalCPU="8"
	NumberOfPhysicalCPU="4"
	TotalVirtualMemory="0"
	TotalPhysicalMemory="15755"
	LogicalProcessorsPerPhysical="2"
	ProcessorClockFrequency="2500.01"
	>
	<Testing>
		<StartDateTime>Apr 09 23:38 PKT</StartDateTime>
		<StartTestTime>1712687888</StartTestTime>
		<TestList/>
		<EndDateTime>Apr 09 23:38 PKT</EndDateTime>
		<EndTestTime>1712687888</EndTestTime>
		<ElapsedMinutes>0</ElapsedMinutes>
	</Testing>
</Site>
