<?xml version="1.0" encoding="UTF-8"?>
<Site BuildName="(empty)"
	BuildStamp="20240410-1039-Experimental"
	Name="(empty)"
	Generator="ctest-3.29.1"
	CompilerName=""
	CompilerVersion=""
	OSName="Linux"
	Hostname="red-20lh0011us"
	OSRelease="6.8.4-arch1-1"
	OSVersion="#1 SMP PREEMPT_DYNAMIC Fri, 05 Apr 2024 00:14:23 +0000"
	OSPlatform="x86_64"
	Is64Bits="1"
	VendorString="GenuineIntel"
	VendorID="Intel Corporation"
	FamilyID="6"
	ModelID="142"
	ProcessorCacheSize="8192"
	NumberOfLogicalCPU="8"
	NumberOfPhysicalCPU="4"
	TotalVirtualMemory="0"
	TotalPhysicalMemory="15755"
	LogicalProcessorsPerPhysical="2"
	ProcessorClockFrequency="2400"
	>
	<Testing>
		<StartDateTime>Apr 10 15:39 PKT</StartDateTime>
		<StartTestTime>1712745544</StartTestTime>
		<TestList/>
		<EndDateTime>Apr 10 15:39 PKT</EndDateTime>
		<EndTestTime>1712745544</EndTestTime>
		<ElapsedMinutes>0</ElapsedMinutes>
	</Testing>
</Site>
